36.8
27.6
21.2
31.8
54.8
53.4
50.6
25.2
75.8
84.8
104.8
103.4
175.2
200.0
165.8
66.2
164.4
200.0
153.6
130.2
92.8
104.6
125.8
117.2
112.4
200.0
200.0
200.0
72.8
192.2
85.0
46.2
139.6
49.0
120.0
100.8
111.4
41.4
72.2
108.2
87.2
36.4
127.6
148.8
116.0
86.6
193.2
185.2
150.0
115.6
23.0
167.8
200.0
192.2
167.0
159.4
71.0
137.0
136.8
129.2
119.0
30.2
140.2
71.4
136.2
124.8
115.0
148.2
120.4
117.4
87.0
191.2
180.4
27.8
37.2
106.6
76.0
149.8
118.6
22.4
109.4
131.6
159.4
137.2
144.4
164.6
59.2
181.4
170.2
160.8
147.8
131.2
141.8
139.8
65.8
33.4
141.4
153.4
134.8
134.2
30.6
121.4
140.8
151.4
25.6
135.8
96.2
77.4
24.0
93.0
77.8
111.2
20.4
20.0
51.6
116.8
150.6
124.8
163.4
125.8
133.2
180.6
167.6
160.4
155.6
145.4
142.0
136.6
148.2
139.8
164.4
147.4
132.2
200.0
182.0
200.0
195.4
126.2
167.2
137.4
145.0
135.6
162.0
144.0
34.6
26.8
147.8
113.0
143.8
85.0
77.4
134.8
127.6
109.6
135.8
140.0
183.8
158.8
136.2
34.0
121.8
151.4
129.6
139.8
75.0
137.2
143.0
147.0
186.8
62.2
180.8
31.0
86.2
194.2
198.0
170.8
178.6
176.4
164.4
27.2
170.8
187.6
31.6
174.6
164.8
27.2
107.8
20.8
74.0
50.4
56.0
23.8
49.6
81.4
196.2
188.8
192.0
175.0
157.8
192.2
