34.6
37.8
39.6
40.8
89.4
94.4
102.2
118.0
159.2
117.6
139.2
138.0
123.6
125.0
112.4
101.0
128.8
128.8
127.4
131.0
122.8
118.0
116.2
145.6
127.4
159.0
157.6
161.8
151.2
127.8
144.6
173.6
135.2
154.2
148.2
141.0
118.0
142.6
112.0
180.0
146.2
128.2
112.8
165.2
133.2
132.6
145.8
156.8
149.0
159.2
177.2
169.6
165.2
142.2
173.6
143.8
156.8
139.4
160.6
162.4
154.0
170.4
164.0
171.6
156.2
176.0
169.4
161.2
177.8
175.2
185.2
143.2
146.0
161.4
176.4
181.8
168.2
171.2
141.0
186.4
172.0
178.8
152.8
181.0
158.4
151.6
178.2
152.0
167.8
167.0
181.2
200.0
188.2
183.4
180.0
180.0
172.4
177.4
195.2
177.4
188.4
178.8
192.6
179.6
189.0
192.0
186.6
167.8
174.0
169.6
179.8
191.4
168.2
168.2
167.8
191.0
171.2
177.4
161.8
174.2
179.2
191.8
169.8
190.0
189.8
180.8
200.0
183.2
178.8
194.0
174.8
167.4
183.6
175.4
192.0
181.8
173.2
183.2
185.0
185.2
182.4
188.8
189.0
184.2
191.0
190.8
193.2
190.0
178.6
190.8
186.2
191.4
183.6
183.8
158.0
170.4
188.8
191.6
172.4
183.4
190.6
169.8
190.2
189.4
187.6
186.2
193.0
193.4
195.6
183.2
186.8
192.8
199.8
195.0
180.6
178.8
178.2
191.8
169.0
200.0
198.2
181.0
195.2
190.6
166.4
200.0
188.8
186.0
187.4
200.0
192.0
185.4
198.4
187.4
183.6
190.8
188.4
200.0
195.4
178.8
